#-----------------------------------------------------------
# Vivado v2018.3 (64-bit)
# SW Build 2405991 on Thu Dec  6 23:38:27 MST 2018
# IP Build 2404404 on Fri Dec  7 01:43:56 MST 2018
# Start of session at: Sat Apr 13 12:38:57 2019
# Process ID: 12876
# Current directory: C:/Users/KARAN/Desktop/IEEE
# Command line: vivado.exe -gui_launcher_event rodinguilauncherevent14244 C:\Users\KARAN\Desktop\IEEE\IEEE.xpr
# Log file: C:/Users/KARAN/Desktop/IEEE/vivado.log
# Journal file: C:/Users/KARAN/Desktop/IEEE\vivado.jou
#-----------------------------------------------------------
start_guooopen_project C:/Users/KARAN/Desktop/IEEE/IEEE.xpScanning sources...
FFFinished scanning sourceIIINFO: [IP_Flow 19-234] Refreshing IP repositories
INFO: [IP_Flow 19-1704] No user IP repositories specifieINFO: [IP_Flow 19-2313] Loaded Vivado IP repository 'C:/Xilinx/Vivado/2018.3/data/ip'.
open_project: Time (s): cpu = 00:00:28 ; elapsed = 00:00:31 . Memory (MB): peak = 694.563 ; gain = 93.691
update_compile_order -fileset sources_1
_launch_simulation
INFO: [Vivado 12-5682] Launching behavioral simulation in 'C:/Users/KARAN/Desktop/IEEE/IEEE.sim/sim_1/behav/xsim'
INFO: [SIM-utils-51] Simulation object is 'sim_1'
INFO: [SIM-utils-54] Inspecting design source files for 'stimulus' in fileset 'sim_1'...
INFO: [USF-XSim-97] Finding global include files...
INFO: [USF-XSim-98] Fetching design files from 'sim_1'...
INFO: [USF-XSim-2] XSim::Compile design
INFO: [USF-XSim-61] Executing 'COMPILE and ANALYZE' step in 'C:/Users/KARAN/Desktop/IEEE/IEEE.sim/sim_1/behav/xsim'
"xvlog --incr --relax -prj stimulus_vlog.prj"
INFO: [VRFC 10-2263] Analyzing Verilog file "C:/Users/KARAN/Downloads/block_mul.v" into library xil_defaultlib
INFO: [VRFC 10-311] analyzing module block
INFO: [VRFC 10-2263] Analyzing Verilog file "C:/Users/KARAN/Downloads/control.v" into library xil_defaultlib
INFO: [VRFC 10-311] analyzing module control
INFO: [VRFC 10-2263] Analyzing Verilog file "C:/Users/KARAN/Downloads/full_adder.v" into library xil_defaultlib
INFO: [VRFC 10-311] analyzing module full_adder
INFO: [VRFC 10-2263] Analyzing Verilog file "C:/Users/KARAN/Downloads/normalize.v" into library xil_defaultlib
INFO: [VRFC 10-311] analyzing module normalize
INFO: [VRFC 10-2263] Analyzing Verilog file "C:/Users/KARAN/Downloads/product.v" into library xil_defaultlib
INFO: [VRFC 10-311] analyzing module product
INFO: [VRFC 10-2263] Analyzing Verilog file "C:/Users/KARAN/Downloads/ripple_8.v" into library xil_defaultlib
INFO: [VRFC 10-311] analyzing module ripple_8
INFO: [VRFC 10-2263] Analyzing Verilog file "C:/Users/KARAN/Downloads/row.v" into library xil_defaultlib
INFO: [VRFC 10-311] analyzing module row
INFO: [VRFC 10-2263] Analyzing Verilog file "C:/Users/KARAN/Downloads/sign_bit.v" into library xil_defaultlib
INFO: [VRFC 10-311] analyzing module sign_bit
INFO: [VRFC 10-2263] Analyzing Verilog file "C:/Users/KARAN/Downloads/subtractor.v" into library xil_defaultlib
INFO: [VRFC 10-311] analyzing module full_subtractor_sub1
INFO: [VRFC 10-311] analyzing module full_subtractor_sub0
INFO: [VRFC 10-2263] Analyzing Verilog file "C:/Users/KARAN/Downloads/subtractor_9_bit.v" into library xil_defaultlib
INFO: [VRFC 10-311] analyzing module subtractor_9
INFO: [VRFC 10-2263] Analyzing Verilog file "C:/Users/KARAN/Downloads/tb_fp_mul.v" into library xil_defaultlib
INFO: [VRFC 10-311] analyzing module stimulus
INFO: [USF-XSim-69] 'compile' step finished in '3' seconds
INFO: [USF-XSim-3] XSim::Elaborate design
INFO: [USF-XSim-61] Executing 'ELABORATE' step in 'C:/Users/KARAN/Desktop/IEEE/IEEE.sim/sim_1/behav/xsim'
Vivado Simulator 2018.3
Copyright 1986-1999, 2001-2018 Xilinx, Inc. All Rights Reserved.
Running: C:/Xilinx/Vivado/2018.3/bin/unwrapped/win64.o/xelab.exe -wto b2b91fa6024c40ab8158e769f3364620 --incr --debug typical --relax --mt 2 -L xil_defaultlib -L unisims_ver -L unimacro_ver -L secureip --snapshot stimulus_behav xil_defaultlib.stimulus xil_defaultlib.glbl -log elaborate.log 
Using 2 slave threads.
Starting static elaboration
Completed static elaboration
Starting simulation data flow analysis
Completed simulation data flow analysis
Time Resolution for simulation is 1ps
Compiling module xil_defaultlib.sign_bit
Compiling module xil_defaultlib.full_adder
Compiling module xil_defaultlib.ripple_8
Compiling module xil_defaultlib.full_subtractor_sub1
Compiling module xil_defaultlib.full_subtractor_sub0
Compiling module xil_defaultlib.subtractor_9
Compiling module xil_defaultlib.block
Compiling module xil_defaultlib.row
Compiling module xil_defaultlib.product
Compiling module xil_defaultlib.normalize
Compiling module xil_defaultlib.control
Compiling module xil_defaultlib.stimulus
Compiling module xil_defaultlib.glbl
Built simulation snapshot stimulus_behav
run_program: Time (s): cpu = 00:00:01 ; elapsed = 00:00:06 . Memory (MB): peak = 722.441 ; gain = 0.000
INFO: [USF-XSim-69] 'elaborate' step finished in '6' seconds
INFO: [USF-XSim-4] XSim::Simulate design
INFO: [USF-XSim-61] Executing 'SIMULATE' step in 'C:/Users/KARAN/Desktop/IEEE/IEEE.sim/sim_1/behav/xsim'
INFO: [USF-XSim-98] *** Running xsim
   with args "stimulus_behav -key {Behavioral:sim_1:Functional:stimulus} -tclbatch {stimulus.tcl} -log {simulate.log}"
INFO: [USF-XSim-8] Loading simulator feature
Vivado Simulator 2018.3
Time resolution is 1 ps
source stimulus.tcl
# set curr_wave [current_wave_config]
# if { [string length $curr_wave] == 0 } {
#   if { [llength [get_objects]] > 0} {
#     add_wave /
#     set_property needs_save false [current_wave_config]
#   } else {
#      send_msg_id Add_Wave-1 WARNING "No top level signals found. Simulator will start without a wave window. If you want to open a wave window go to 'File->New Waveform Configuration' or type 'create_wave_config' in the TCL console."
#   }
# }
# run 1000ns
$finish called at time : 10 ns : File "C:/Users/KARAN/Downloads/tb_fp_mul.v" Line 33
xsim: Time (s): cpu = 00:00:09 ; elapsed = 00:00:12 . Memory (MB): peak = 751.125 ; gain = 28.684
INFO: [USF-XSim-96] XSim completed. Design snapshot 'stimulus_behav' loaded.
INFO: [USF-XSim-97] XSim simulation ran for 1000ns
launch_simulation: Time (s): cpu = 00:00:13 ; elapsed = 00:00:24 . Memory (MB): peak = 751.125 ; gain = 28.684
reset_run synth_2
WARNING: [Vivado 12-1017] Problems encountered:
1. Failed to delete one or more files in run directory C:/Users/KARAN/Desktop/IEEE/IEEE.runs/synth_2

launch_runs impl_2 -to_step write_bitstream -jobs 4
[Sat Apr 13 12:46:00 2019] Launched synth_2...
Run output will be captured here: C:/Users/KARAN/Desktop/IEEE/IEEE.runs/synth_2/runme.log
[Sat Apr 13 12:46:01 2019] Launched impl_2...
Run output will be captured here: C:/Users/KARAN/Desktop/IEEE/IEEE.runs/impl_2/runme.log
open_hw
connect_hw_server
INFO: [Labtools 27-2285] Connecting to hw_server url TCP:localhost:3121
INFO: [Labtools 27-2222] Launching hw_server...
INFO: [Labtools 27-2221] Launch Output:

****** Xilinx hw_server v2018.3
  **** Build date : Dec  7 2018-00:40:27
    ** Copyright 1986-2018 Xilinx, Inc. All Rights Reserved.


connect_hw_server: Time (s): cpu = 00:00:01 ; elapsed = 00:00:05 . Memory (MB): peak = 752.496 ; gain = 0.020
open_hw_target
INFO: [Labtoolstcl 44-466] Opening hw_target localhost:3121/xilinx_tcf/Digilent/210183794566A
set_property PROGRAM.FILE {C:/Users/KARAN/Desktop/IEEE/IEEE.runs/impl_2/control.bit} [get_hw_devices xc7a35t_0]
current_hw_device [get_hw_devices xc7a35t_0]
refresh_hw_device -update_hw_probes false [lindex [get_hw_devices xc7a35t_0] 0]
INFO: [Labtools 27-1434] Device xc7a35t (JTAG device index = 0) is programmed with a design that has no supported debug core(s) in it.
set_property PROBES.FILE {} [get_hw_devices xc7a35t_0]
set_property FULL_PROBES.FILE {} [get_hw_devices xc7a35t_0]
set_property PROGRAM.FILE {C:/Users/KARAN/Desktop/IEEE/IEEE.runs/impl_2/control.bit} [get_hw_devices xc7a35t_0]
program_hw_devices [get_hw_devices xc7a35t_0]
INFO: [Labtools 27-3164] End of startup status: HIGH
refresh_hw_device [lindex [get_hw_devices xc7a35t_0] 0]
INFO: [Labtools 27-1434] Device xc7a35t (JTAG device index = 0) is programmed with a design that has no supported debug core(s) in it.
ERROR: [Labtoolstcl 44-513] HW Target shutdown. Closing target: localhost:3121/xilinx_tcf/Digilent/210183794566A
